[debug] [2022-10-13T19:16:10.824Z] ----------------------------------------------------------------------
[debug] [2022-10-13T19:16:10.828Z] Command:       C:\Program Files\nodejs\node.exe C:\Users\User\AppData\Roaming\npm\node_modules\firebase-tools\lib\bin\firebase.js deploy
[debug] [2022-10-13T19:16:10.829Z] CLI Version:   11.14.3
[debug] [2022-10-13T19:16:10.829Z] Platform:      win32
[debug] [2022-10-13T19:16:10.830Z] Node Version:  v16.13.2
[debug] [2022-10-13T19:16:10.831Z] Time:          Fri Oct 14 2022 01:16:10 GMT+0600 (Bangladesh Standard Time)
[debug] [2022-10-13T19:16:10.831Z] ----------------------------------------------------------------------
[debug] 
[debug] [2022-10-13T19:16:10.929Z] > command requires scopes: ["email","openid","https://www.googleapis.com/auth/cloudplatformprojects.readonly","https://www.googleapis.com/auth/firebase","https://www.googleapis.com/auth/cloud-platform"]
[debug] [2022-10-13T19:16:10.930Z] > authorizing via signed-in user (tipusultancse101@gmail.com)
[debug] [2022-10-13T19:16:10.930Z] [iam] checking project genius-car-services-18c77 for permissions ["firebase.projects.get","firebasehosting.sites.update"]
[debug] [2022-10-13T19:16:10.933Z] >>> [apiv2][query] POST https://cloudresourcemanager.googleapis.com/v1/projects/genius-car-services-18c77:testIamPermissions [none]
[debug] [2022-10-13T19:16:10.933Z] >>> [apiv2][(partial)header] POST https://cloudresourcemanager.googleapis.com/v1/projects/genius-car-services-18c77:testIamPermissions x-goog-quota-user=projects/genius-car-services-18c77
[debug] [2022-10-13T19:16:10.934Z] >>> [apiv2][body] POST https://cloudresourcemanager.googleapis.com/v1/projects/genius-car-services-18c77:testIamPermissions {"permissions":["firebase.projects.get","firebasehosting.sites.update"]}
[debug] [2022-10-13T19:16:13.974Z] <<< [apiv2][status] POST https://cloudresourcemanager.googleapis.com/v1/projects/genius-car-services-18c77:testIamPermissions 200
[debug] [2022-10-13T19:16:13.974Z] <<< [apiv2][body] POST https://cloudresourcemanager.googleapis.com/v1/projects/genius-car-services-18c77:testIamPermissions {}
[debug] [2022-10-13T19:16:13.975Z] [iam] error while checking permissions, command may fail: FirebaseError: Authorization failed. This account is missing the following required permissions on project genius-car-services-18c77:

  firebase.projects.get
  firebasehosting.sites.update
[debug] [2022-10-13T19:16:13.978Z] >>> [apiv2][query] GET https://firebase.googleapis.com/v1beta1/projects/genius-car-services-18c77 [none]
[debug] [2022-10-13T19:16:15.574Z] <<< [apiv2][status] GET https://firebase.googleapis.com/v1beta1/projects/genius-car-services-18c77 403
[debug] [2022-10-13T19:16:15.574Z] <<< [apiv2][body] GET https://firebase.googleapis.com/v1beta1/projects/genius-car-services-18c77 {"error":{"code":403,"message":"The caller does not have permission","status":"PERMISSION_DENIED"}}
[debug] [2022-10-13T19:16:15.577Z] HTTP Error: 403, The caller does not have permission
[debug] [2022-10-13T19:16:17.032Z] FirebaseError: HTTP Error: 403, The caller does not have permission
    at responseToError (C:\Users\User\AppData\Roaming\npm\node_modules\firebase-tools\lib\responseToError.js:49:12)
    at RetryOperation._fn (C:\Users\User\AppData\Roaming\npm\node_modules\firebase-tools\lib\apiv2.js:288:77)
    at processTicksAndRejections (node:internal/process/task_queues:96:5)
[error] 
[error] Error: Failed to get Firebase project genius-car-services-18c77. Please make sure the project exists and your account has permission to access it.
